D:\PROGRAMS\远程控制系统\REMOTECONTROLSERVER\DEBUG\REMOTECONTROLSERVER.EXE
D:\PROGRAMS\远程控制系统\REMOTECONTROLSERVER\DEBUG\REMOTECONTROLSERVER.ILK
D:\PROGRAMS\远程控制系统\REMOTECONTROLSERVER\DEBUG\REMOTECONTROLSERVER.PDB
D:\PROGRAMS\远程控制系统\REMOTECONTROLSERVER\REMOTECONTROLSERVER\DEBUG\BITBUTTONNL.OBJ
D:\Programs\远程控制系统\RemoteControlServer\RemoteControlServer\Debug\cl.command.1.tlog
D:\Programs\远程控制系统\RemoteControlServer\RemoteControlServer\Debug\CL.read.1.tlog
D:\Programs\远程控制系统\RemoteControlServer\RemoteControlServer\Debug\CL.write.1.tlog
D:\Programs\远程控制系统\RemoteControlServer\RemoteControlServer\Debug\link.command.1.tlog
D:\Programs\远程控制系统\RemoteControlServer\RemoteControlServer\Debug\link.read.1.tlog
D:\Programs\远程控制系统\RemoteControlServer\RemoteControlServer\Debug\link.write.1.tlog
D:\Programs\远程控制系统\RemoteControlServer\RemoteControlServer\Debug\link-cvtres.read.1.tlog
D:\Programs\远程控制系统\RemoteControlServer\RemoteControlServer\Debug\link-cvtres.write.1.tlog
D:\Programs\远程控制系统\RemoteControlServer\RemoteControlServer\Debug\mt.command.1.tlog
D:\Programs\远程控制系统\RemoteControlServer\RemoteControlServer\Debug\mt.read.1.tlog
D:\Programs\远程控制系统\RemoteControlServer\RemoteControlServer\Debug\mt.write.1.tlog
D:\PROGRAMS\远程控制系统\REMOTECONTROLSERVER\REMOTECONTROLSERVER\DEBUG\PROCEDURE.OBJ
D:\Programs\远程控制系统\RemoteControlServer\RemoteControlServer\Debug\rc.command.1.tlog
D:\Programs\远程控制系统\RemoteControlServer\RemoteControlServer\Debug\rc.read.1.tlog
D:\Programs\远程控制系统\RemoteControlServer\RemoteControlServer\Debug\rc.write.1.tlog
D:\PROGRAMS\远程控制系统\REMOTECONTROLSERVER\REMOTECONTROLSERVER\DEBUG\REMOTECONTROLSERVER.EXE.EMBED.MANIFEST
D:\PROGRAMS\远程控制系统\REMOTECONTROLSERVER\REMOTECONTROLSERVER\DEBUG\REMOTECONTROLSERVER.EXE.EMBED.MANIFEST.RES
D:\PROGRAMS\远程控制系统\REMOTECONTROLSERVER\REMOTECONTROLSERVER\DEBUG\REMOTECONTROLSERVER.EXE.INTERMEDIATE.MANIFEST
D:\PROGRAMS\远程控制系统\REMOTECONTROLSERVER\REMOTECONTROLSERVER\DEBUG\REMOTECONTROLSERVER.OBJ
D:\PROGRAMS\远程控制系统\REMOTECONTROLSERVER\REMOTECONTROLSERVER\DEBUG\REMOTECONTROLSERVER.PCH
D:\PROGRAMS\远程控制系统\REMOTECONTROLSERVER\REMOTECONTROLSERVER\DEBUG\REMOTECONTROLSERVER.RES
D:\Programs\远程控制系统\RemoteControlServer\RemoteControlServer\Debug\RemoteControlServer.write.1.tlog
D:\Programs\远程控制系统\RemoteControlServer\RemoteControlServer\Debug\RemoteControlServer_manifest.rc
D:\PROGRAMS\远程控制系统\REMOTECONTROLSERVER\REMOTECONTROLSERVER\DEBUG\REMOTECONTROLSERVERDLG.OBJ
D:\PROGRAMS\远程控制系统\REMOTECONTROLSERVER\REMOTECONTROLSERVER\DEBUG\SERIALPORT.OBJ
D:\PROGRAMS\远程控制系统\REMOTECONTROLSERVER\REMOTECONTROLSERVER\DEBUG\STDAFX.OBJ
D:\Programs\远程控制系统\RemoteControlServer\RemoteControlServer\Debug\vc100.idb
D:\PROGRAMS\远程控制系统\REMOTECONTROLSERVER\REMOTECONTROLSERVER\DEBUG\VC100.PDB
